<?xml version="1.0" encoding="UTF-8"?>
<!-- Generated by org.testng.reporters.JUnitXMLReporter -->
<testsuite ignored="0" hostname="Mohamed-M" failures="0" tests="3" name="Default test" time="28.226" errors="0" timestamp="27 Dec 2022 21:31:53 GMT">
  <testcase classname="Selenium.homePage" name="scenarioOne" time="5.025"/>
  <testcase classname="Selenium.homePage" name="scenarioTawo" time="13.012"/>
  <testcase classname="Selenium.homePage" name="scenarioThree" time="7.922"/>
</testsuite> <!-- Default test -->
