<?xml version="1.0" encoding="UTF-8"?>
<!-- Generated by org.testng.reporters.JUnitXMLReporter -->
<testsuite ignored="0" hostname="Mohamed-M" failures="0" tests="3" name="Test" time="77.546" errors="0" timestamp="18 Jul 2022 19:07:41 GMT">
  <testcase classname="Selenium.homePage" name="baseNavigationPage" time="36.569"/>
  <testcase classname="Selenium.homePage" name="baseNavigationPage" time="17.255"/>
  <testcase classname="Selenium.validateTitle" name="baseNavigationPage" time="20.517"/>
</testsuite> <!-- Test -->
