<?xml version="1.0" encoding="UTF-8"?>
<testsuite xmlns:xsi="http://www.w3.org/2001/XMLSchema-instance" xsi:noNamespaceSchemaLocation="https://maven.apache.org/surefire/maven-surefire-plugin/xsd/surefire-test-report.xsd" name="TestSuite" time="79.694" tests="3" errors="0" skipped="0" failures="0">
  <properties>
[...]
</properties>
  <testcase name="baseNavigationPage" classname="Selenium.homePage" time="36.57"/>
  <testcase name="baseNavigationPage" classname="Selenium.homePage" time="17.252"/>
  <testcase name="baseNavigationPage" classname="Selenium.validateTitle" time="20.516"/>
</testsuite>