<?xml version="1.0" encoding="UTF-8"?>
<testng-results ignored="0" total="3" passed="3" failed="0" skipped="0">
  <reporter-output>
  </reporter-output>
  <suite started-at="2022-12-27T21:31:25Z" name="Default suite" finished-at="2022-12-27T21:31:53Z" duration-ms="28226">
    <groups>
    </groups>
    <test started-at="2022-12-27T21:31:25Z" name="Default test" finished-at="2022-12-27T21:31:53Z" duration-ms="28226">
      <class name="Selenium.homePage">
        <test-method is-config="true" signature="initialize()[pri:0, instance:Selenium.homePage@fac80]" started-at="2022-12-28T03:01:25Z" name="initialize" finished-at="2022-12-28T03:01:27Z" duration-ms="2243" status="PASS">
          <reporter-output>
          </reporter-output>
        </test-method> <!-- initialize -->
        <test-method signature="scenarioOne()[pri:0, instance:Selenium.homePage@fac80]" started-at="2022-12-28T03:01:27Z" name="scenarioOne" finished-at="2022-12-28T03:01:32Z" duration-ms="5025" status="PASS">
          <reporter-output>
          </reporter-output>
        </test-method> <!-- scenarioOne -->
        <test-method signature="scenarioTawo()[pri:0, instance:Selenium.homePage@fac80]" started-at="2022-12-28T03:01:32Z" name="scenarioTawo" finished-at="2022-12-28T03:01:45Z" duration-ms="13012" status="PASS">
          <reporter-output>
          </reporter-output>
        </test-method> <!-- scenarioTawo -->
        <test-method signature="scenarioThree()[pri:0, instance:Selenium.homePage@fac80]" started-at="2022-12-28T03:01:45Z" name="scenarioThree" finished-at="2022-12-28T03:01:53Z" duration-ms="7922" status="PASS">
          <reporter-output>
          </reporter-output>
        </test-method> <!-- scenarioThree -->
      </class> <!-- Selenium.homePage -->
    </test> <!-- Default test -->
  </suite> <!-- Default suite -->
</testng-results>
